execve("/usr/bin/ls", ["ls"], 0x7ffcce048558 /* 42 vars */) = 0 <0.000350>
brk(NULL)                               = 0x55ab7062b000 <0.000009>
arch_prctl(0x3001 /* ARCH_??? */, 0x7fff3a82e000) = -1 EINVAL (Invalid argument) <0.000008>
access("/etc/ld.so.preload", R_OK)      = -1 ENOENT (No such file or directory) <0.000016>
openat(AT_FDCWD, "/etc/ld.so.cache", O_RDONLY|O_CLOEXEC) = 3 <0.000017>
newfstatat(3, "", {st_mode=S_IFREG|0644, st_size=133183, ...}, AT_EMPTY_PATH) = 0 <0.000021>
mmap(NULL, 133183, PROT_READ, MAP_PRIVATE, 3, 0) = 0x7f625dfb2000 <0.000018>
close(3)                                = 0 <0.000008>
openat(AT_FDCWD, "/usr/lib/libcap.so.2", O_RDONLY|O_CLOEXEC) = 3 <0.000014>
read(3, "\177ELF\2\1\1\0\0\0\0\0\0\0\0\0\3\0>\0\1\0\0\0\300r\0\0\0\0\0\0"..., 832) = 832 <0.000009>
newfstatat(3, "", {st_mode=S_IFREG|0755, st_size=42992, ...}, AT_EMPTY_PATH) = 0 <0.000009>
mmap(NULL, 8192, PROT_READ|PROT_WRITE, MAP_PRIVATE|MAP_ANONYMOUS, -1, 0) = 0x7f625dfb0000 <0.000012>
mmap(NULL, 45128, PROT_READ, MAP_PRIVATE|MAP_DENYWRITE, 3, 0) = 0x7f625dfa4000 <0.000014>
mmap(0x7f625dfa7000, 20480, PROT_READ|PROT_EXEC, MAP_PRIVATE|MAP_FIXED|MAP_DENYWRITE, 3, 0x3000) = 0x7f625dfa7000 <0.000027>
mmap(0x7f625dfac000, 8192, PROT_READ, MAP_PRIVATE|MAP_FIXED|MAP_DENYWRITE, 3, 0x8000) = 0x7f625dfac000 <0.000021>
mmap(0x7f625dfae000, 8192, PROT_READ|PROT_WRITE, MAP_PRIVATE|MAP_FIXED|MAP_DENYWRITE, 3, 0x9000) = 0x7f625dfae000 <0.000016>
close(3)                                = 0 <0.000007>
openat(AT_FDCWD, "/usr/lib/libc.so.6", O_RDONLY|O_CLOEXEC) = 3 <0.000012>
read(3, "\177ELF\2\1\1\3\0\0\0\0\0\0\0\0\3\0>\0\1\0\0\0P9\2\0\0\0\0\0"..., 832) = 832 <0.000008>
pread64(3, "\6\0\0\0\4\0\0\0@\0\0\0\0\0\0\0@\0\0\0\0\0\0\0@\0\0\0\0\0\0\0"..., 784, 64) = 784 <0.000007>
newfstatat(3, "", {st_mode=S_IFREG|0755, st_size=1953112, ...}, AT_EMPTY_PATH) = 0 <0.000008>
pread64(3, "\6\0\0\0\4\0\0\0@\0\0\0\0\0\0\0@\0\0\0\0\0\0\0@\0\0\0\0\0\0\0"..., 784, 64) = 784 <0.000007>
mmap(NULL, 1994096, PROT_READ, MAP_PRIVATE|MAP_DENYWRITE, 3, 0) = 0x7f625ddbd000 <0.000013>
mmap(0x7f625dddf000, 1417216, PROT_READ|PROT_EXEC, MAP_PRIVATE|MAP_FIXED|MAP_DENYWRITE, 3, 0x22000) = 0x7f625dddf000 <0.000027>
mmap(0x7f625df39000, 360448, PROT_READ, MAP_PRIVATE|MAP_FIXED|MAP_DENYWRITE, 3, 0x17c000) = 0x7f625df39000 <0.000017>
mmap(0x7f625df91000, 24576, PROT_READ|PROT_WRITE, MAP_PRIVATE|MAP_FIXED|MAP_DENYWRITE, 3, 0x1d4000) = 0x7f625df91000 <0.000019>
mmap(0x7f625df97000, 52592, PROT_READ|PROT_WRITE, MAP_PRIVATE|MAP_FIXED|MAP_ANONYMOUS, -1, 0) = 0x7f625df97000 <0.000013>
close(3)                                = 0 <0.000007>
mmap(NULL, 12288, PROT_READ|PROT_WRITE, MAP_PRIVATE|MAP_ANONYMOUS, -1, 0) = 0x7f625ddba000 <0.000011>
arch_prctl(ARCH_SET_FS, 0x7f625ddba740) = 0 <0.000007>
set_tid_address(0x7f625ddbaa10)         = 28049 <0.000006>
set_robust_list(0x7f625ddbaa20, 24)     = 0 <0.000006>
rseq(0x7f625ddbb060, 0x20, 0, 0x53053053) = 0 <0.000007>
mprotect(0x7f625df91000, 16384, PROT_READ) = 0 <0.000013>
mprotect(0x7f625dfae000, 4096, PROT_READ) = 0 <0.000012>
mprotect(0x55ab6fe7d000, 8192, PROT_READ) = 0 <0.000012>
mprotect(0x7f625e004000, 8192, PROT_READ) = 0 <0.000014>
prlimit64(0, RLIMIT_STACK, NULL, {rlim_cur=8192*1024, rlim_max=RLIM64_INFINITY}) = 0 <0.000045>
munmap(0x7f625dfb2000, 133183)          = 0 <0.000035>
prctl(PR_CAPBSET_READ, CAP_MAC_OVERRIDE) = 1 <0.000008>
prctl(PR_CAPBSET_READ, 0x30 /* CAP_??? */) = -1 EINVAL (Invalid argument) <0.000007>
prctl(PR_CAPBSET_READ, CAP_CHECKPOINT_RESTORE) = 1 <0.000007>
prctl(PR_CAPBSET_READ, 0x2c /* CAP_??? */) = -1 EINVAL (Invalid argument) <0.000007>
prctl(PR_CAPBSET_READ, 0x2a /* CAP_??? */) = -1 EINVAL (Invalid argument) <0.000007>
prctl(PR_CAPBSET_READ, 0x29 /* CAP_??? */) = -1 EINVAL (Invalid argument) <0.000007>
getrandom("\xde\xab\x60\x5c\xac\x25\xb0\x32", 8, GRND_NONBLOCK) = 8 <0.000008>
brk(NULL)                               = 0x55ab7062b000 <0.000007>
brk(0x55ab7064c000)                     = 0x55ab7064c000 <0.000014>
openat(AT_FDCWD, "/usr/lib/locale/locale-archive", O_RDONLY|O_CLOEXEC) = 3 <0.000016>
newfstatat(3, "", {st_mode=S_IFREG|0644, st_size=3052896, ...}, AT_EMPTY_PATH) = 0 <0.000009>
mmap(NULL, 3052896, PROT_READ, MAP_PRIVATE, 3, 0) = 0x7f625da00000 <0.000014>
close(3)                                = 0 <0.000007>
ioctl(1, TCGETS, {c_iflag=ICRNL|IXON|IUTF8, c_oflag=NL0|CR0|TAB0|BS0|VT0|FF0|OPOST|ONLCR, c_cflag=B38400|CS8|CREAD, c_lflag=ISIG|ICANON|ECHO|ECHOE|ECHOK|IEXTEN|ECHOCTL|ECHOKE, ...}) = 0 <0.000014>
ioctl(1, TIOCGWINSZ, {ws_row=49, ws_col=194, ws_xpixel=1358, ws_ypixel=686}) = 0 <0.000009>
openat(AT_FDCWD, ".", O_RDONLY|O_NONBLOCK|O_CLOEXEC|O_DIRECTORY) = 3 <0.000015>
newfstatat(3, "", {st_mode=S_IFDIR|0755, st_size=4096, ...}, AT_EMPTY_PATH) = 0 <0.000011>
getdents64(3, 0x55ab706316f0 /* 7 entries */, 32768) = 216 <0.000033>
getdents64(3, 0x55ab706316f0 /* 0 entries */, 32768) = 0 <0.000009>
close(3)                                = 0 <0.000011>
newfstatat(1, "", {st_mode=S_IFCHR|0620, st_rdev=makedev(0x88, 0x1), ...}, AT_EMPTY_PATH) = 0 <0.000021>
write(1, "ls.log\tmine.sh  systcalls.txt\tte"..., 49) = 49 <0.000019>
close(1)                                = 0 <0.000011>
close(2)                                = 0 <0.000008>
exit_group(0)                           = ?
+++ exited with 0 +++
